No symbol table is loaded.  Use the "file" command.
Make breakpoint pending on future shared library load? (y or [n]) [answered N; input not from terminal]
gdb.init:5: Error in sourced command file:
Argument required (one or more breakpoint numbers).
ts2.0: 没有那个文件或目录.
Reading symbols from ts2.o...done.
Already logging to gdb.log.
Breakpoint 1 at 0x400469: file test2.c, line 7.
Starting program: /mnt/znp/gitee/Personal/Study/Linux/gcc/gdb-debug-eg/ts2.o 
During startup program exited with code 126.
quit
Breakpoint 1 at 0x400469: file test2.c, line 7.
Starting program: /mnt/znp/gitee/Personal/Study/Linux/gcc/gdb-debug-eg/ts2.o 
During startup program exited with code 126.
Starting program: /mnt/znp/gitee/Personal/Study/Linux/gcc/gdb-debug-eg/ts2.o 

Breakpoint 1, square (i=5) at test2.c:7
7	    int result=0;
#0  square (i=5) at test2.c:7
        result = 16
#1  0x00000000004004a0 in main (argc=1, argv=0x7fffffffd158) at test2.c:20
        i = 5
result = 16
$1 = 30
$2 = "Hit break when i == 5"
Function "sum" not defined.
Breakpoint 2 (sum if value==9) pending.
#0  square (i=5) at test2.c:7
#1  0x00000000004004a0 in main (argc=1, argv=0x7fffffffd158) at test2.c:20
No symbol "squre" in current context.
#0  square (i=5) at test2.c:7
#1  0x00000000004004a0 in main (argc=1, argv=0x7fffffffd158) at test2.c:20
#0  square (i=5) at test2.c:7
        result = 16
#1  0x00000000004004a0 in main (argc=1, argv=0x7fffffffd158) at test2.c:20
        i = 5
$3 = 30
Undefined command: "into".  Try "help".
rax            0x5                 5
rbx            0x0                 0
rcx            0x7ffff7fa8718      140737353778968
rdx            0xe                 14
rsi            0x7fffffffd158      140737488343384
rdi            0x5                 5
rbp            0x7fffffffd040      0x7fffffffd040
rsp            0x7fffffffd040      0x7fffffffd040
r8             0x7ffff7fa9d80      140737353784704
r9             0x7ffff7fa9d80      140737353784704
r10            0x0                 0
r11            0x0                 0
r12            0x400380            4195200
r13            0x7fffffffd150      140737488343376
r14            0x0                 0
r15            0x0                 0
rip            0x400469            0x400469 <square+7>
eflags         0x297               [ CF PF AF SF IF ]
cs             0x33                51
ss             0x2b                43
ds             0x0                 0
es             0x0                 0
fs             0x0                 0
gs             0x0                 0
9	    result = i*i;
11	    return result;
Continuing.
[Inferior 1 (process 4408) exited normally]
Undefined command: "which".  Try "help".
Hardware watchpoint 3: total
quit
